<?xml version="1.0" encoding="UTF-8"?>
<!-- Generated by org.testng.reporters.JUnitReportReporter -->
<testsuite skipped="0" hostname="TYSS-Manjappa" name="com.trello.boards.GetCardsOnABoard" tests="1" failures="0" timestamp="2023-01-02T15:36:30 IST" time="2.761" errors="0">
  <testcase name="card" time="2.761" classname="com.trello.boards.GetCardsOnABoard"/>
  <system-out/>
</testsuite> <!-- com.trello.boards.GetCardsOnABoard -->
