<?xml version="1.0" encoding="UTF-8"?>
<!-- Generated by org.testng.reporters.JUnitReportReporter -->
<testsuite skipped="0" hostname="TYSS-Manjappa" name="com.trello.boards.UpdateaBoard" tests="1" failures="0" timestamp="2023-01-02T15:38:25 IST" time="3.932" errors="0">
  <testcase name="updateaBoard" time="3.932" classname="com.trello.boards.UpdateaBoard"/>
  <system-out/>
</testsuite> <!-- com.trello.boards.UpdateaBoard -->
