<?xml version="1.0" encoding="UTF-8"?>
<!-- Generated by org.testng.reporters.JUnitReportReporter -->
<testsuite skipped="0" hostname="DESKTOP-7UUT0JG" name="com.spotify.Categories.SeveralBrowseCategory" tests="1" failures="0" timestamp="2023-01-09T16:10:30 IST" time="3.081" errors="0">
  <testcase name="test1" time="3.081" classname="com.spotify.Categories.SeveralBrowseCategory"/>
  <system-out/>
</testsuite> <!-- com.spotify.Categories.SeveralBrowseCategory -->
