<?xml version="1.0" encoding="UTF-8"?>
<!-- Generated by org.testng.reporters.JUnitReportReporter -->
<testsuite skipped="0" hostname="TYSS-Manjappa" name="com.trello.boards.GetListsOnBoard" tests="1" failures="0" timestamp="2023-01-02T15:37:58 IST" time="3.152" errors="0">
  <testcase name="card" time="3.152" classname="com.trello.boards.GetListsOnBoard"/>
  <system-out/>
</testsuite> <!-- com.trello.boards.GetListsOnBoard -->
