<?xml version="1.0" encoding="UTF-8"?>
<!-- Generated by org.testng.reporters.JUnitReportReporter -->
<testsuite skipped="0" hostname="TYSS-Manjappa" name="com.trello.cards.GetActionsOnACard" tests="1" failures="0" timestamp="2023-01-03T10:43:01 IST" time="2.005" errors="0">
  <testcase name="card" time="2.005" classname="com.trello.cards.GetActionsOnACard"/>
  <system-out/>
</testsuite> <!-- com.trello.cards.GetActionsOnACard -->
