<?xml version="1.0" encoding="UTF-8"?>
<!-- Generated by org.testng.reporters.JUnitReportReporter -->
<testsuite skipped="0" hostname="DESKTOP-7UUT0JG" name="com.spotify.Genres.GetAvailableGenres" tests="1" failures="0" timestamp="2023-01-08T20:52:52 IST" time="2.778" errors="0">
  <testcase name="test" time="2.778" classname="com.spotify.Genres.GetAvailableGenres"/>
  <system-out/>
</testsuite> <!-- com.spotify.Genres.GetAvailableGenres -->
