<?xml version="1.0" encoding="UTF-8"?>
<!-- Generated by org.testng.reporters.JUnitReportReporter -->
<testsuite skipped="0" hostname="DESKTOP-7UUT0JG" name="com.spotify.Categories.SingleBrowseCategory" tests="1" failures="0" timestamp="2023-01-08T21:02:37 IST" time="2.939" errors="0">
  <testcase name="test" time="2.939" classname="com.spotify.Categories.SingleBrowseCategory"/>
  <system-out/>
</testsuite> <!-- com.spotify.Categories.SingleBrowseCategory -->
