<?xml version="1.0" encoding="UTF-8"?>
<!-- Generated by org.testng.reporters.JUnitReportReporter -->
<testsuite skipped="0" hostname="DESKTOP-7UUT0JG" name="com.spotify.Player.AvailableDevices" tests="1" failures="0" timestamp="2023-01-08T20:45:26 IST" time="2.901" errors="0">
  <testcase name="test" time="2.901" classname="com.spotify.Player.AvailableDevices"/>
  <system-out/>
</testsuite> <!-- com.spotify.Player.AvailableDevices -->
