<?xml version="1.0" encoding="UTF-8"?>
<!-- Generated by org.testng.reporters.JUnitReportReporter -->
<testsuite skipped="0" hostname="TYSS-Manjappa" name="com.trello.cards.GetTheBoardTheCardIsOn" tests="1" failures="0" timestamp="2023-01-03T10:44:10 IST" time="1.916" errors="0">
  <testcase name="getFields" time="1.916" classname="com.trello.cards.GetTheBoardTheCardIsOn"/>
  <system-out/>
</testsuite> <!-- com.trello.cards.GetTheBoardTheCardIsOn -->
