<?xml version="1.0" encoding="UTF-8"?>
<!-- Generated by org.testng.reporters.JUnitReportReporter -->
<testsuite skipped="0" hostname="TYSS-Manjappa" name="com.trello.boards.GetaBoard" tests="1" failures="0" timestamp="2023-01-02T15:35:29 IST" time="3.305" errors="0">
  <testcase name="board" time="3.305" classname="com.trello.boards.GetaBoard"/>
  <system-out/>
</testsuite> <!-- com.trello.boards.GetaBoard -->
