<?xml version="1.0" encoding="UTF-8"?>
<!-- Generated by org.testng.reporters.JUnitReportReporter -->
<testsuite skipped="0" hostname="DESKTOP-7UUT0JG" name="com.spotify.Albums.NewReleases" tests="1" failures="0" timestamp="2023-01-08T21:09:45 IST" time="2.625" errors="0">
  <testcase name="test" time="2.625" classname="com.spotify.Albums.NewReleases"/>
  <system-out/>
</testsuite> <!-- com.spotify.Albums.NewReleases -->
