<?xml version="1.0" encoding="UTF-8"?>
<!-- Generated by org.testng.reporters.JUnitReportReporter -->
<testsuite skipped="0" hostname="DESKTOP-7UUT0JG" name="com.spotify.Episodes.GetSeveralEpisodes" tests="1" failures="0" timestamp="2023-01-08T20:57:51 IST" time="3.084" errors="0">
  <testcase name="test" time="3.084" classname="com.spotify.Episodes.GetSeveralEpisodes"/>
  <system-out/>
</testsuite> <!-- com.spotify.Episodes.GetSeveralEpisodes -->
