<?xml version="1.0" encoding="UTF-8"?>
<!-- Generated by org.testng.reporters.JUnitReportReporter -->
<testsuite skipped="0" hostname="DESKTOP-7UUT0JG" name="com.spotify.Authorization.RenewToken" tests="1" failures="0" timestamp="2023-01-08T20:31:53 IST" time="8.897" errors="0">
  <testcase name="get_Token" time="8.897" classname="com.spotify.Authorization.RenewToken"/>
  <system-out/>
</testsuite> <!-- com.spotify.Authorization.RenewToken -->
