<?xml version="1.0" encoding="UTF-8"?>
<!-- Generated by org.testng.reporters.JUnitReportReporter -->
<testsuite skipped="0" hostname="DESKTOP-7UUT0JG" name="com.spotify.Users.GetFollowedArtists" tests="1" failures="0" timestamp="2023-01-08T21:06:41 IST" time="2.376" errors="0">
  <testcase name="test" time="2.376" classname="com.spotify.Users.GetFollowedArtists"/>
  <system-out/>
</testsuite> <!-- com.spotify.Users.GetFollowedArtists -->
