<?xml version="1.0" encoding="UTF-8"?>
<!-- Generated by org.testng.reporters.JUnitReportReporter -->
<testsuite skipped="0" hostname="DESKTOP-7UUT0JG" name="com.spotify.Users.GetCurrentUsersProfile" tests="1" failures="0" timestamp="2023-01-08T20:35:16 IST" time="2.865" errors="0">
  <testcase name="test" time="2.865" classname="com.spotify.Users.GetCurrentUsersProfile"/>
  <system-out/>
</testsuite> <!-- com.spotify.Users.GetCurrentUsersProfile -->
