<?xml version="1.0" encoding="UTF-8"?>
<!-- Generated by org.testng.reporters.JUnitReportReporter -->
<testsuite skipped="0" hostname="DESKTOP-7UUT0JG" name="com.spotify.Artist.GetArtistsRelatedArtists" tests="1" failures="0" timestamp="2023-01-08T21:15:37 IST" time="3.052" errors="0">
  <testcase name="test" time="3.052" classname="com.spotify.Artist.GetArtistsRelatedArtists"/>
  <system-out/>
</testsuite> <!-- com.spotify.Artist.GetArtistsRelatedArtists -->
