<?xml version="1.0" encoding="UTF-8"?>
<!-- Generated by org.testng.reporters.JUnitReportReporter -->
<testsuite skipped="0" hostname="TYSS-Manjappa" name="com.trello.list.ArchiveallcardsinList" tests="1" failures="0" timestamp="2023-01-03T10:41:27 IST" time="2.744" errors="0">
  <testcase name="archiveallcardsinList" time="2.744" classname="com.trello.list.ArchiveallcardsinList"/>
  <system-out/>
</testsuite> <!-- com.trello.list.ArchiveallcardsinList -->
