<?xml version="1.0" encoding="UTF-8"?>
<!-- Generated by org.testng.reporters.JUnitReportReporter -->
<testsuite skipped="0" hostname="DESKTOP-7UUT0JG" name="com.spotify.Categories.copy.SeveralBrowseCategory" tests="1" failures="0" timestamp="2023-01-04T17:11:08 IST" time="2.737" errors="0">
  <testcase name="test" time="2.737" classname="com.spotify.Categories.copy.SeveralBrowseCategory"/>
  <system-out/>
</testsuite> <!-- com.spotify.Categories.copy.SeveralBrowseCategory -->
