<?xml version="1.0" encoding="UTF-8"?>
<!-- Generated by org.testng.reporters.JUnitReportReporter -->
<testsuite skipped="0" hostname="TYSS-Manjappa" name="com.trello.cards.CreateNewCard" tests="1" failures="0" timestamp="2023-01-03T10:42:43 IST" time="2.270" errors="0">
  <testcase name="createNewCard" time="2.270" classname="com.trello.cards.CreateNewCard"/>
  <system-out/>
</testsuite> <!-- com.trello.cards.CreateNewCard -->
