<?xml version="1.0" encoding="UTF-8"?>
<!-- Generated by org.testng.reporters.JUnitReportReporter -->
<testsuite skipped="0" hostname="DESKTOP-7UUT0JG" name="com.spotify.Shows.CheckUsersSavedShows" tests="1" failures="0" timestamp="2023-01-08T20:41:42 IST" time="2.897" errors="0">
  <testcase name="test" time="2.897" classname="com.spotify.Shows.CheckUsersSavedShows"/>
  <system-out/>
</testsuite> <!-- com.spotify.Shows.CheckUsersSavedShows -->
