<?xml version="1.0" encoding="UTF-8"?>
<!-- Generated by org.testng.reporters.JUnitReportReporter -->
<testsuite skipped="0" hostname="DESKTOP-7UUT0JG" name="com.spotify.Users.GetUsersProfile" tests="1" failures="0" timestamp="2023-01-08T21:04:53 IST" time="2.821" errors="0">
  <testcase name="test" time="2.821" classname="com.spotify.Users.GetUsersProfile"/>
  <system-out/>
</testsuite> <!-- com.spotify.Users.GetUsersProfile -->
