<?xml version="1.0" encoding="UTF-8"?>
<!-- Generated by org.testng.reporters.JUnitReportReporter -->
<testsuite skipped="0" hostname="TYSS-Manjappa" name="com.trello.boards.CreatAListOnBoard" tests="1" failures="0" timestamp="2023-01-02T15:23:27 IST" time="4.043" errors="0">
  <testcase name="card" time="4.043" classname="com.trello.boards.CreatAListOnBoard"/>
  <system-out/>
</testsuite> <!-- com.trello.boards.CreatAListOnBoard -->
