<?xml version="1.0" encoding="UTF-8"?>
<!-- Generated by org.testng.reporters.JUnitReportReporter -->
<testsuite skipped="0" hostname="DESKTOP-7UUT0JG" name="com.spotify.albums.Get_A_Album" tests="1" failures="0" timestamp="2023-01-04T11:00:54 IST" time="2.840" errors="0">
  <testcase name="test" time="2.840" classname="com.spotify.albums.Get_A_Album"/>
  <system-out/>
</testsuite> <!-- com.spotify.albums.Get_A_Album -->
