<?xml version="1.0" encoding="UTF-8"?>
<!-- Generated by org.testng.reporters.JUnitReportReporter -->
<testsuite skipped="0" hostname="TYSS-Manjappa" name="com.trello.boards.CreatLabelOnBoard" tests="1" failures="0" timestamp="2023-01-03T10:36:09 IST" time="10.230" errors="0">
  <testcase name="card" time="10.230" classname="com.trello.boards.CreatLabelOnBoard"/>
  <system-out/>
</testsuite> <!-- com.trello.boards.CreatLabelOnBoard -->
