<?xml version="1.0" encoding="UTF-8"?>
<!-- Generated by org.testng.reporters.JUnitReportReporter -->
<testsuite skipped="0" hostname="TYSS-Manjappa" name="com.trello.checklist.GetFieldsOnChecklists" tests="1" failures="0" timestamp="2023-01-03T10:39:09 IST" time="2.011" errors="0">
  <testcase name="getFields" time="2.011" classname="com.trello.checklist.GetFieldsOnChecklists"/>
  <system-out/>
</testsuite> <!-- com.trello.checklist.GetFieldsOnChecklists -->
