<?xml version="1.0" encoding="UTF-8"?>
<!-- Generated by org.testng.reporters.JUnitReportReporter -->
<testsuite skipped="0" hostname="DESKTOP-7UUT0JG" name="com.spotify.Authorization.RenewToken" tests="1" failures="0" timestamp="2023-01-09T16:09:20 IST" time="4.050" errors="0">
  <testcase name="get_Token" time="4.050" classname="com.spotify.Authorization.RenewToken"/>
  <system-out/>
</testsuite> <!-- com.spotify.Authorization.RenewToken -->
