<?xml version="1.0" encoding="UTF-8"?>
<!-- Generated by org.testng.reporters.JUnitReportReporter -->
<testsuite skipped="0" hostname="DESKTOP-7UUT0JG" name="com.spotify.autorization.RenewToken" tests="1" failures="0" timestamp="2023-01-04T16:14:41 IST" time="4.266" errors="0">
  <testcase name="get_Token" time="4.266" classname="com.spotify.autorization.RenewToken"/>
  <system-out/>
</testsuite> <!-- com.spotify.autorization.RenewToken -->
