<?xml version="1.0" encoding="UTF-8"?>
<!-- Generated by org.testng.reporters.JUnitReportReporter -->
<testsuite skipped="0" hostname="DESKTOP-7UUT0JG" name="com.spotify.Albums.GetSavedAlbums" tests="1" failures="0" timestamp="2023-01-08T21:10:32 IST" time="2.338" errors="0">
  <testcase name="test" time="2.338" classname="com.spotify.Albums.GetSavedAlbums"/>
  <system-out/>
</testsuite> <!-- com.spotify.Albums.GetSavedAlbums -->
