<?xml version="1.0" encoding="UTF-8"?>
<!-- Generated by org.testng.reporters.JUnitReportReporter -->
<testsuite skipped="0" hostname="TYSS-Manjappa" name="com.trello.search.SearchforaMember" tests="1" failures="0" timestamp="2023-01-03T10:47:12 IST" time="2.336" errors="0">
  <testcase name="getALabel" time="2.336" classname="com.trello.search.SearchforaMember"/>
  <system-out/>
</testsuite> <!-- com.trello.search.SearchforaMember -->
