<?xml version="1.0" encoding="UTF-8"?>
<!-- Generated by org.testng.reporters.JUnitReportReporter -->
<testsuite skipped="0" hostname="DESKTOP-7UUT0JG" name="com.spotify.Artist.GetArtist" tests="1" failures="0" timestamp="2023-01-08T21:13:13 IST" time="2.779" errors="0">
  <testcase name="test" time="2.779" classname="com.spotify.Artist.GetArtist"/>
  <system-out/>
</testsuite> <!-- com.spotify.Artist.GetArtist -->
