<?xml version="1.0" encoding="UTF-8"?>
<!-- Generated by org.testng.reporters.JUnitReportReporter -->
<testsuite skipped="0" hostname="DESKTOP-7UUT0JG" name="com.spotify.Albums.GetAlbum" tests="1" failures="0" timestamp="2023-01-08T21:26:43 IST" time="3.132" errors="0">
  <testcase name="test" time="3.132" classname="com.spotify.Albums.GetAlbum"/>
  <system-out/>
</testsuite> <!-- com.spotify.Albums.GetAlbum -->
