<?xml version="1.0" encoding="UTF-8"?>
<!-- Generated by org.testng.reporters.JUnitReportReporter -->
<testsuite skipped="0" hostname="TYSS-Manjappa" name="com.trello.boards.GetChecklistsOnBoard" tests="1" failures="0" timestamp="2023-01-02T15:37:26 IST" time="2.516" errors="0">
  <testcase name="card" time="2.516" classname="com.trello.boards.GetChecklistsOnBoard"/>
  <system-out/>
</testsuite> <!-- com.trello.boards.GetChecklistsOnBoard -->
