<?xml version="1.0" encoding="UTF-8"?>
<!-- Generated by org.testng.reporters.JUnitReportReporter -->
<testsuite skipped="0" hostname="TYSS-Manjappa" name="com.trello.checklist.GetTheBoardChecklistIsOn" tests="1" failures="0" timestamp="2023-01-02T16:09:41 IST" time="2.587" errors="0">
  <testcase name="getFields" time="2.587" classname="com.trello.checklist.GetTheBoardChecklistIsOn"/>
  <system-out/>
</testsuite> <!-- com.trello.checklist.GetTheBoardChecklistIsOn -->
