<?xml version="1.0" encoding="UTF-8"?>
<!-- Generated by org.testng.reporters.JUnitReportReporter -->
<testsuite skipped="0" hostname="DESKTOP-7UUT0JG" name="com.spotify.Market.AvailableMarket" tests="1" failures="0" timestamp="2023-01-08T20:50:31 IST" time="3.123" errors="0">
  <testcase name="test" time="3.123" classname="com.spotify.Market.AvailableMarket"/>
  <system-out/>
</testsuite> <!-- com.spotify.Market.AvailableMarket -->
