<?xml version="1.0" encoding="UTF-8"?>
<!-- Generated by org.testng.reporters.JUnitReportReporter -->
<testsuite skipped="0" hostname="TYSS-Manjappa" name="com.trello.list.UpdateAList" tests="1" failures="0" timestamp="2023-01-03T10:41:18 IST" time="2.405" errors="0">
  <testcase name="updateList" time="2.405" classname="com.trello.list.UpdateAList"/>
  <system-out/>
</testsuite> <!-- com.trello.list.UpdateAList -->
