<?xml version="1.0" encoding="UTF-8"?>
<!-- Generated by org.testng.reporters.JUnitReportReporter -->
<testsuite skipped="0" hostname="TYSS-Manjappa" name="com.trello.list.GetAList" tests="1" failures="0" timestamp="2023-01-03T10:41:08 IST" time="1.976" errors="0">
  <testcase name="getALists" time="1.976" classname="com.trello.list.GetAList"/>
  <system-out/>
</testsuite> <!-- com.trello.list.GetAList -->
