<?xml version="1.0" encoding="UTF-8"?>
<!-- Generated by org.testng.reporters.JUnitReportReporter -->
<testsuite skipped="0" hostname="DESKTOP-7UUT0JG" name="com.spotify.albums.AlbumTracks" tests="1" failures="0" timestamp="2023-01-04T16:46:47 IST" time="3.593" errors="0">
  <testcase name="test" time="3.593" classname="com.spotify.albums.AlbumTracks"/>
  <system-out/>
</testsuite> <!-- com.spotify.albums.AlbumTracks -->
