<?xml version="1.0" encoding="UTF-8"?>
<!-- Generated by org.testng.reporters.JUnitReportReporter -->
<testsuite skipped="0" hostname="DESKTOP-7UUT0JG" name="com.spotify.Episodes.CheckUsersSavedEpisodes" tests="1" failures="0" timestamp="2023-01-05T16:34:23 IST" time="2.691" errors="0">
  <testcase name="test" time="2.691" classname="com.spotify.Episodes.CheckUsersSavedEpisodes"/>
  <system-out/>
</testsuite> <!-- com.spotify.Episodes.CheckUsersSavedEpisodes -->
