<?xml version="1.0" encoding="UTF-8"?>
<!-- Generated by org.testng.reporters.JUnitReportReporter -->
<testsuite skipped="0" hostname="DESKTOP-7UUT0JG" name="com.spotify.Player.GetPlayBackState" tests="1" failures="0" timestamp="2023-01-05T10:07:26 IST" time="2.673" errors="0">
  <testcase name="test" time="2.673" classname="com.spotify.Player.GetPlayBackState"/>
  <system-out/>
</testsuite> <!-- com.spotify.Player.GetPlayBackState -->
