<?xml version="1.0" encoding="UTF-8"?>
<!-- Generated by org.testng.reporters.JUnitReportReporter -->
<testsuite skipped="0" hostname="DESKTOP-7UUT0JG" name="com.spotify.Episodes.GetUsersSavedEpisodes" tests="1" failures="0" timestamp="2023-01-05T16:27:35 IST" time="2.692" errors="0">
  <testcase name="test" time="2.692" classname="com.spotify.Episodes.GetUsersSavedEpisodes"/>
  <system-out/>
</testsuite> <!-- com.spotify.Episodes.GetUsersSavedEpisodes -->
