<?xml version="1.0" encoding="UTF-8"?>
<!-- Generated by org.testng.reporters.JUnitReportReporter -->
<testsuite skipped="0" hostname="TYSS-Manjappa" name="com.trello.search.SearchTrello" tests="1" failures="0" timestamp="2023-01-03T10:47:25 IST" time="2.067" errors="0">
  <testcase name="getALabel" time="2.067" classname="com.trello.search.SearchTrello"/>
  <system-out/>
</testsuite> <!-- com.trello.search.SearchTrello -->
