<?xml version="1.0" encoding="UTF-8"?>
<!-- Generated by org.testng.reporters.JUnitReportReporter -->
<testsuite skipped="0" hostname="TYSS-Manjappa" name="com.trello.endtoendscripts.CreateABoardUpdateDelete" tests="1" failures="0" timestamp="2023-01-02T16:06:10 IST" time="7.404" errors="0">
  <testcase name="createBoardUpdateDelete" time="7.404" classname="com.trello.endtoendscripts.CreateABoardUpdateDelete"/>
  <system-out/>
</testsuite> <!-- com.trello.endtoendscripts.CreateABoardUpdateDelete -->
