<?xml version="1.0" encoding="UTF-8"?>
<!-- Generated by org.testng.reporters.JUnitReportReporter -->
<testsuite skipped="0" hostname="DESKTOP-7UUT0JG" name="com.spotify.Player.CurrentPlayingTrack" tests="1" failures="0" timestamp="2023-01-08T20:53:15 IST" time="2.375" errors="0">
  <testcase name="test" time="2.375" classname="com.spotify.Player.CurrentPlayingTrack"/>
  <system-out/>
</testsuite> <!-- com.spotify.Player.CurrentPlayingTrack -->
