<?xml version="1.0" encoding="UTF-8"?>
<!-- Generated by org.testng.reporters.JUnitReportReporter -->
<testsuite skipped="0" hostname="DESKTOP-7UUT0JG" name="com.spotify.Episodes.SaveEpisodesForCurrentUser" tests="1" failures="0" timestamp="2023-01-05T16:38:41 IST" time="3.352" errors="0">
  <testcase name="test" time="3.352" classname="com.spotify.Episodes.SaveEpisodesForCurrentUser"/>
  <system-out/>
</testsuite> <!-- com.spotify.Episodes.SaveEpisodesForCurrentUser -->
