<?xml version="1.0" encoding="UTF-8"?>
<!-- Generated by org.testng.reporters.JUnitReportReporter -->
<testsuite skipped="0" hostname="DESKTOP-7UUT0JG" name="com.spotify.Shows.SaveShowsForCurrentUser" tests="1" failures="0" timestamp="2023-01-05T16:29:58 IST" time="2.773" errors="0">
  <testcase name="test" time="2.773" classname="com.spotify.Shows.SaveShowsForCurrentUser"/>
  <system-out/>
</testsuite> <!-- com.spotify.Shows.SaveShowsForCurrentUser -->
